# JRE version: Java(TM) SE Runtime Environment (17.0.14+8) (build 17.0.14+8-LTS-191)
# Java VM: Java HotSpot(TM) 64-Bit Server VM (17.0.14+8-LTS-191, mixed mode, sharing, tiered, compressed oops, compressed class ptrs, serial gc, windows-amd64)
GC Precious Log:
 CPUs: 6 total, 6 available
 Memory: 15591M
 Large Page Support: Disabled
 NUMA Support: Disabled
 Compressed Oops: Enabled (32-bit)
 Heap Min Capacity: 8M
 Heap Initial Capacity: 244M
 Heap Max Capacity: 1536M
 Pre-touch: Disabled
Heap:
 def new generation   total 129600K, used 42482K [0x00000000a0000000, 0x00000000a8c90000, 0x00000000c0000000)
  eden space 115264K,  29% used [0x00000000a0000000, 0x00000000a21c3e78, 0x00000000a7090000)
  from space 14336K,  55% used [0x00000000a7e90000, 0x00000000a8648bf0, 0x00000000a8c90000)
  to   space 14336K,   0% used [0x00000000a7090000, 0x00000000a7090000, 0x00000000a7e90000)
 tenured generation   total 286832K, used 185843K [0x00000000c0000000, 0x00000000d181c000, 0x0000000100000000)
   the space 286832K,  64% used [0x00000000c0000000, 0x00000000cb57cfe0, 0x00000000cb57d000, 0x00000000d181c000)
 Metaspace       used 117235K, committed 118208K, reserved 458752K
  class space    used 16433K, committed 16896K, reserved 327680K
GC Heap History (20 events):
Event: 57.773 GC heap before
{Heap before GC invocations=45 (full 4):
 def new generation   total 78720K, used 74392K [0x00000000a0000000, 0x00000000a5560000, 0x00000000c0000000)
  eden space 70016K, 100% used [0x00000000a0000000, 0x00000000a4460000, 0x00000000a4460000)
  from space 8704K,  50% used [0x00000000a4ce0000, 0x00000000a5126110, 0x00000000a5560000)
  to   space 8704K,   0% used [0x00000000a4460000, 0x00000000a4460000, 0x00000000a4ce0000)
 tenured generation   total 173884K, used 157859K [0x00000000c0000000, 0x00000000ca9cf000, 0x0000000100000000)
   the space 173884K,  90% used [0x00000000c0000000, 0x00000000c9a28ee0, 0x00000000c9a29000, 0x00000000ca9cf000)
 Metaspace       used 117243K, committed 118208K, reserved 458752K
  class space    used 16442K, committed 16896K, reserved 327680K
}
Event: 57.785 GC heap after
{Heap after GC invocations=46 (full 4):
 def new generation   total 78720K, used 1959K [0x00000000a0000000, 0x00000000a5560000, 0x00000000c0000000)
  eden space 70016K,   0% used [0x00000000a0000000, 0x00000000a0000000, 0x00000000a4460000)
  from space 8704K,  22% used [0x00000000a4460000, 0x00000000a4649cc0, 0x00000000a4ce0000)
  to   space 8704K,   0% used [0x00000000a4ce0000, 0x00000000a4ce0000, 0x00000000a5560000)
 tenured generation   total 173884K, used 160861K [0x00000000c0000000, 0x00000000ca9cf000, 0x0000000100000000)
   the space 173884K,  92% used [0x00000000c0000000, 0x00000000c9d17740, 0x00000000c9d17800, 0x00000000ca9cf000)
 Metaspace       used 117243K, committed 118208K, reserved 458752K
  class space    used 16442K, committed 16896K, reserved 327680K
}
Event: 57.908 GC heap before
{Heap before GC invocations=46 (full 4):
 def new generation   total 78720K, used 71975K [0x00000000a0000000, 0x00000000a5560000, 0x00000000c0000000)
  eden space 70016K, 100% used [0x00000000a0000000, 0x00000000a4460000, 0x00000000a4460000)
  from space 8704K,  22% used [0x00000000a4460000, 0x00000000a4649cc0, 0x00000000a4ce0000)
  to   space 8704K,   0% used [0x00000000a4ce0000, 0x00000000a4ce0000, 0x00000000a5560000)
 tenured generation   total 173884K, used 160861K [0x00000000c0000000, 0x00000000ca9cf000, 0x0000000100000000)
   the space 173884K,  92% used [0x00000000c0000000, 0x00000000c9d17740, 0x00000000c9d17800, 0x00000000ca9cf000)
 Metaspace       used 117258K, committed 118208K, reserved 458752K
  class space    used 16442K, committed 16896K, reserved 327680K
}
Event: 57.918 GC heap after
{Heap after GC invocations=47 (full 4):
 def new generation   total 78720K, used 4226K [0x00000000a0000000, 0x00000000a5560000, 0x00000000c0000000)
  eden space 70016K,   0% used [0x00000000a0000000, 0x00000000a0000000, 0x00000000a4460000)
  from space 8704K,  48% used [0x00000000a4ce0000, 0x00000000a51008c8, 0x00000000a5560000)
  to   space 8704K,   0% used [0x00000000a4460000, 0x00000000a4460000, 0x00000000a4ce0000)
 tenured generation   total 173884K, used 160861K [0x00000000c0000000, 0x00000000ca9cf000, 0x0000000100000000)
   the space 173884K,  92% used [0x00000000c0000000, 0x00000000c9d17740, 0x00000000c9d17800, 0x00000000ca9cf000)
 Metaspace       used 117258K, committed 118208K, reserved 458752K
  class space    used 16442K, committed 16896K, reserved 327680K
}
Event: 58.030 GC heap before
{Heap before GC invocations=47 (full 4):
 def new generation   total 78720K, used 74242K [0x00000000a0000000, 0x00000000a5560000, 0x00000000c0000000)
  eden space 70016K, 100% used [0x00000000a0000000, 0x00000000a4460000, 0x00000000a4460000)
  from space 8704K,  48% used [0x00000000a4ce0000, 0x00000000a51008c8, 0x00000000a5560000)
  to   space 8704K,   0% used [0x00000000a4460000, 0x00000000a4460000, 0x00000000a4ce0000)
 tenured generation   total 173884K, used 160861K [0x00000000c0000000, 0x00000000ca9cf000, 0x0000000100000000)
   the space 173884K,  92% used [0x00000000c0000000, 0x00000000c9d17740, 0x00000000c9d17800, 0x00000000ca9cf000)
 Metaspace       used 117258K, committed 118208K, reserved 458752K
  class space    used 16442K, committed 16896K, reserved 327680K
}
Event: 58.050 GC heap after
{Heap after GC invocations=48 (full 4):
 def new generation   total 78720K, used 7923K [0x00000000a0000000, 0x00000000a5560000, 0x00000000c0000000)
  eden space 70016K,   0% used [0x00000000a0000000, 0x00000000a0000000, 0x00000000a4460000)
  from space 8704K,  91% used [0x00000000a4460000, 0x00000000a4c1cc80, 0x00000000a4ce0000)
  to   space 8704K,   0% used [0x00000000a4ce0000, 0x00000000a4ce0000, 0x00000000a5560000)
 tenured generation   total 173884K, used 160861K [0x00000000c0000000, 0x00000000ca9cf000, 0x0000000100000000)
   the space 173884K,  92% used [0x00000000c0000000, 0x00000000c9d17740, 0x00000000c9d17800, 0x00000000ca9cf000)
 Metaspace       used 117258K, committed 118208K, reserved 458752K
  class space    used 16442K, committed 16896K, reserved 327680K
}
Event: 58.162 GC heap before
{Heap before GC invocations=48 (full 4):
 def new generation   total 78720K, used 77939K [0x00000000a0000000, 0x00000000a5560000, 0x00000000c0000000)
  eden space 70016K, 100% used [0x00000000a0000000, 0x00000000a4460000, 0x00000000a4460000)
  from space 8704K,  91% used [0x00000000a4460000, 0x00000000a4c1cc80, 0x00000000a4ce0000)
  to   space 8704K,   0% used [0x00000000a4ce0000, 0x00000000a4ce0000, 0x00000000a5560000)
 tenured generation   total 173884K, used 160861K [0x00000000c0000000, 0x00000000ca9cf000, 0x0000000100000000)
   the space 173884K,  92% used [0x00000000c0000000, 0x00000000c9d17740, 0x00000000c9d17800, 0x00000000ca9cf000)
 Metaspace       used 117260K, committed 118208K, reserved 458752K
  class space    used 16442K, committed 16896K, reserved 327680K
}
Event: 58.190 GC heap after
{Heap after GC invocations=49 (full 4):
 def new generation   total 78720K, used 7644K [0x00000000a0000000, 0x00000000a5560000, 0x00000000c0000000)
  eden space 70016K,   0% used [0x00000000a0000000, 0x00000000a0000000, 0x00000000a4460000)
  from space 8704K,  87% used [0x00000000a4ce0000, 0x00000000a5457288, 0x00000000a5560000)
  to   space 8704K,   0% used [0x00000000a4460000, 0x00000000a4460000, 0x00000000a4ce0000)
 tenured generation   total 173884K, used 164923K [0x00000000c0000000, 0x00000000ca9cf000, 0x0000000100000000)
   the space 173884K,  94% used [0x00000000c0000000, 0x00000000ca10edb0, 0x00000000ca10ee00, 0x00000000ca9cf000)
 Metaspace       used 117260K, committed 118208K, reserved 458752K
  class space    used 16442K, committed 16896K, reserved 327680K
}
Event: 58.286 GC heap before
{Heap before GC invocations=49 (full 4):
 def new generation   total 78720K, used 77660K [0x00000000a0000000, 0x00000000a5560000, 0x00000000c0000000)
  eden space 70016K, 100% used [0x00000000a0000000, 0x00000000a4460000, 0x00000000a4460000)
  from space 8704K,  87% used [0x00000000a4ce0000, 0x00000000a5457288, 0x00000000a5560000)
  to   space 8704K,   0% used [0x00000000a4460000, 0x00000000a4460000, 0x00000000a4ce0000)
 tenured generation   total 173884K, used 164923K [0x00000000c0000000, 0x00000000ca9cf000, 0x0000000100000000)
   the space 173884K,  94% used [0x00000000c0000000, 0x00000000ca10edb0, 0x00000000ca10ee00, 0x00000000ca9cf000)
 Metaspace       used 117260K, committed 118208K, reserved 458752K
  class space    used 16442K, committed 16896K, reserved 327680K
}
Event: 58.308 GC heap after
{Heap after GC invocations=50 (full 4):
 def new generation   total 78720K, used 7422K [0x00000000a0000000, 0x00000000a5560000, 0x00000000c0000000)
  eden space 70016K,   0% used [0x00000000a0000000, 0x00000000a0000000, 0x00000000a4460000)
  from space 8704K,  85% used [0x00000000a4460000, 0x00000000a4b9f890, 0x00000000a4ce0000)
  to   space 8704K,   0% used [0x00000000a4ce0000, 0x00000000a4ce0000, 0x00000000a5560000)
 tenured generation   total 173884K, used 168455K [0x00000000c0000000, 0x00000000ca9cf000, 0x0000000100000000)
   the space 173884K,  96% used [0x00000000c0000000, 0x00000000ca481d50, 0x00000000ca481e00, 0x00000000ca9cf000)
 Metaspace       used 117260K, committed 118208K, reserved 458752K
  class space    used 16442K, committed 16896K, reserved 327680K
}
Event: 58.422 GC heap before
{Heap before GC invocations=50 (full 4):
 def new generation   total 78720K, used 77438K [0x00000000a0000000, 0x00000000a5560000, 0x00000000c0000000)
  eden space 70016K, 100% used [0x00000000a0000000, 0x00000000a4460000, 0x00000000a4460000)
  from space 8704K,  85% used [0x00000000a4460000, 0x00000000a4b9f890, 0x00000000a4ce0000)
  to   space 8704K,   0% used [0x00000000a4ce0000, 0x00000000a4ce0000, 0x00000000a5560000)
 tenured generation   total 173884K, used 168455K [0x00000000c0000000, 0x00000000ca9cf000, 0x0000000100000000)
   the space 173884K,  96% used [0x00000000c0000000, 0x00000000ca481d50, 0x00000000ca481e00, 0x00000000ca9cf000)
 Metaspace       used 117264K, committed 118208K, reserved 458752K
  class space    used 16443K, committed 16896K, reserved 327680K
}
Event: 58.460 GC heap after
{Heap after GC invocations=51 (full 4):
 def new generation   total 78720K, used 8704K [0x00000000a0000000, 0x00000000a5560000, 0x00000000c0000000)
  eden space 70016K,   0% used [0x00000000a0000000, 0x00000000a0000000, 0x00000000a4460000)
  from space 8704K, 100% used [0x00000000a4ce0000, 0x00000000a5560000, 0x00000000a5560000)
  to   space 8704K,   0% used [0x00000000a4460000, 0x00000000a4460000, 0x00000000a4ce0000)
 tenured generation   total 176188K, used 176067K [0x00000000c0000000, 0x00000000cac0f000, 0x0000000100000000)
   the space 176188K,  99% used [0x00000000c0000000, 0x00000000cabf0d78, 0x00000000cabf0e00, 0x00000000cac0f000)
 Metaspace       used 117264K, committed 118208K, reserved 458752K
  class space    used 16443K, committed 16896K, reserved 327680K
}
Event: 58.460 GC heap before
{Heap before GC invocations=51 (full 4):
 def new generation   total 78720K, used 8704K [0x00000000a0000000, 0x00000000a5560000, 0x00000000c0000000)
  eden space 70016K,   0% used [0x00000000a0000000, 0x00000000a0000000, 0x00000000a4460000)
  from space 8704K, 100% used [0x00000000a4ce0000, 0x00000000a5560000, 0x00000000a5560000)
  to   space 8704K,   0% used [0x00000000a4460000, 0x00000000a4460000, 0x00000000a4ce0000)
 tenured generation   total 176188K, used 176067K [0x00000000c0000000, 0x00000000cac0f000, 0x0000000100000000)
   the space 176188K,  99% used [0x00000000c0000000, 0x00000000cabf0d78, 0x00000000cabf0e00, 0x00000000cac0f000)
 Metaspace       used 117264K, committed 118208K, reserved 458752K
  class space    used 16443K, committed 16896K, reserved 327680K
}
Event: 58.754 GC heap after
{Heap after GC invocations=51 (full 5):
 def new generation   total 129600K, used 0K [0x00000000a0000000, 0x00000000a8c90000, 0x00000000c0000000)
  eden space 115264K,   0% used [0x00000000a0000000, 0x00000000a0000000, 0x00000000a7090000)
  from space 14336K,   0% used [0x00000000a7090000, 0x00000000a7090000, 0x00000000a7e90000)
  to   space 14336K,   0% used [0x00000000a7e90000, 0x00000000a7e90000, 0x00000000a8c90000)
 tenured generation   total 286832K, used 172098K [0x00000000c0000000, 0x00000000d181c000, 0x0000000100000000)
   the space 286832K,  59% used [0x00000000c0000000, 0x00000000ca810900, 0x00000000ca810a00, 0x00000000d181c000)
 Metaspace       used 117231K, committed 118208K, reserved 458752K
  class space    used 16433K, committed 16896K, reserved 327680K
}
Event: 59.002 GC heap before
{Heap before GC invocations=51 (full 5):
 def new generation   total 129600K, used 115264K [0x00000000a0000000, 0x00000000a8c90000, 0x00000000c0000000)
  eden space 115264K, 100% used [0x00000000a0000000, 0x00000000a7090000, 0x00000000a7090000)
  from space 14336K,   0% used [0x00000000a7090000, 0x00000000a7090000, 0x00000000a7e90000)
  to   space 14336K,   0% used [0x00000000a7e90000, 0x00000000a7e90000, 0x00000000a8c90000)
 tenured generation   total 286832K, used 172098K [0x00000000c0000000, 0x00000000d181c000, 0x0000000100000000)
   the space 286832K,  59% used [0x00000000c0000000, 0x00000000ca810900, 0x00000000ca810a00, 0x00000000d181c000)
 Metaspace       used 117234K, committed 118208K, reserved 458752K
  class space    used 16433K, committed 16896K, reserved 327680K
}
Event: 59.020 GC heap after
{Heap after GC invocations=52 (full 5):
 def new generation   total 129600K, used 3787K [0x00000000a0000000, 0x00000000a8c90000, 0x00000000c0000000)
  eden space 115264K,   0% used [0x00000000a0000000, 0x00000000a0000000, 0x00000000a7090000)
  from space 14336K,  26% used [0x00000000a7e90000, 0x00000000a8242fc8, 0x00000000a8c90000)
  to   space 14336K,   0% used [0x00000000a7090000, 0x00000000a7090000, 0x00000000a7e90000)
 tenured generation   total 286832K, used 172098K [0x00000000c0000000, 0x00000000d181c000, 0x0000000100000000)
   the space 286832K,  59% used [0x00000000c0000000, 0x00000000ca810900, 0x00000000ca810a00, 0x00000000d181c000)
 Metaspace       used 117234K, committed 118208K, reserved 458752K
  class space    used 16433K, committed 16896K, reserved 327680K
}
Event: 59.187 GC heap before
{Heap before GC invocations=52 (full 5):
 def new generation   total 129600K, used 119051K [0x00000000a0000000, 0x00000000a8c90000, 0x00000000c0000000)
  eden space 115264K, 100% used [0x00000000a0000000, 0x00000000a7090000, 0x00000000a7090000)
  from space 14336K,  26% used [0x00000000a7e90000, 0x00000000a8242fc8, 0x00000000a8c90000)
  to   space 14336K,   0% used [0x00000000a7090000, 0x00000000a7090000, 0x00000000a7e90000)
 tenured generation   total 286832K, used 172098K [0x00000000c0000000, 0x00000000d181c000, 0x0000000100000000)
   the space 286832K,  59% used [0x00000000c0000000, 0x00000000ca810900, 0x00000000ca810a00, 0x00000000d181c000)
 Metaspace       used 117235K, committed 118208K, reserved 458752K
  class space    used 16433K, committed 16896K, reserved 327680K
}
Event: 59.223 GC heap after
{Heap after GC invocations=53 (full 5):
 def new generation   total 129600K, used 14336K [0x00000000a0000000, 0x00000000a8c90000, 0x00000000c0000000)
  eden space 115264K,   0% used [0x00000000a0000000, 0x00000000a0000000, 0x00000000a7090000)
  from space 14336K, 100% used [0x00000000a7090000, 0x00000000a7e90000, 0x00000000a7e90000)
  to   space 14336K,   0% used [0x00000000a7e90000, 0x00000000a7e90000, 0x00000000a8c90000)
 tenured generation   total 286832K, used 172304K [0x00000000c0000000, 0x00000000d181c000, 0x0000000100000000)
   the space 286832K,  60% used [0x00000000c0000000, 0x00000000ca8440e8, 0x00000000ca844200, 0x00000000d181c000)
 Metaspace       used 117235K, committed 118208K, reserved 458752K
  class space    used 16433K, committed 16896K, reserved 327680K
}
Event: 59.550 GC heap before
{Heap before GC invocations=53 (full 5):
 def new generation   total 129600K, used 129600K [0x00000000a0000000, 0x00000000a8c90000, 0x00000000c0000000)
  eden space 115264K, 100% used [0x00000000a0000000, 0x00000000a7090000, 0x00000000a7090000)
  from space 14336K, 100% used [0x00000000a7090000, 0x00000000a7e90000, 0x00000000a7e90000)
  to   space 14336K,   0% used [0x00000000a7e90000, 0x00000000a7e90000, 0x00000000a8c90000)
 tenured generation   total 286832K, used 172304K [0x00000000c0000000, 0x00000000d181c000, 0x0000000100000000)
   the space 286832K,  60% used [0x00000000c0000000, 0x00000000ca8440e8, 0x00000000ca844200, 0x00000000d181c000)
 Metaspace       used 117235K, committed 118208K, reserved 458752K
  class space    used 16433K, committed 16896K, reserved 327680K
}
Event: 59.599 GC heap after
{Heap after GC invocations=54 (full 5):
 def new generation   total 129600K, used 7906K [0x00000000a0000000, 0x00000000a8c90000, 0x00000000c0000000)
  eden space 115264K,   0% used [0x00000000a0000000, 0x00000000a0000000, 0x00000000a7090000)
  from space 14336K,  55% used [0x00000000a7e90000, 0x00000000a8648bf0, 0x00000000a8c90000)
  to   space 14336K,   0% used [0x00000000a7090000, 0x00000000a7090000, 0x00000000a7e90000)
 tenured generation   total 286832K, used 185843K [0x00000000c0000000, 0x00000000d181c000, 0x0000000100000000)
   the space 286832K,  64% used [0x00000000c0000000, 0x00000000cb57cfe0, 0x00000000cb57d000, 0x00000000d181c000)
 Metaspace       used 117235K, committed 118208K, reserved 458752K
  class space    used 16433K, committed 16896K, reserved 327680K
}

