# JRE version: Java(TM) SE Runtime Environment (17.0.14+8) (build 17.0.14+8-LTS-191)
# Java VM: Java HotSpot(TM) 64-Bit Server VM (17.0.14+8-LTS-191, mixed mode, sharing, tiered, compressed oops, compressed class ptrs, serial gc, windows-amd64)
GC Precious Log:
 CPUs: 6 total, 6 available
 Memory: 15591M
 Large Page Support: Disabled
 NUMA Support: Disabled
 Compressed Oops: Enabled (32-bit)
 Heap Min Capacity: 8M
 Heap Initial Capacity: 244M
 Heap Max Capacity: 1536M
 Pre-touch: Disabled
Heap:
 def new generation   total 74944K, used 48008K [0x00000000a0000000, 0x00000000a5150000, 0x00000000c0000000)
  eden space 66624K,  62% used [0x00000000a0000000, 0x00000000a2868f68, 0x00000000a4110000)
  from space 8320K,  79% used [0x00000000a4110000, 0x00000000a47891f0, 0x00000000a4930000)
  to   space 8320K,   0% used [0x00000000a4930000, 0x00000000a4930000, 0x00000000a5150000)
 tenured generation   total 166592K, used 10557K [0x00000000c0000000, 0x00000000ca2b0000, 0x0000000100000000)
   the space 166592K,   6% used [0x00000000c0000000, 0x00000000c0a4f658, 0x00000000c0a4f800, 0x00000000ca2b0000)
 Metaspace       used 14506K, committed 14784K, reserved 393216K
  class space    used 1992K, committed 2112K, reserved 327680K
GC Heap History (4 events):
Event: 0.959 GC heap before
{Heap before GC invocations=0 (full 0):
 def new generation   total 74944K, used 66624K [0x00000000a0000000, 0x00000000a5150000, 0x00000000c0000000)
  eden space 66624K, 100% used [0x00000000a0000000, 0x00000000a4110000, 0x00000000a4110000)
  from space 8320K,   0% used [0x00000000a4110000, 0x00000000a4110000, 0x00000000a4930000)
  to   space 8320K,   0% used [0x00000000a4930000, 0x00000000a4930000, 0x00000000a5150000)
 tenured generation   total 166592K, used 0K [0x00000000c0000000, 0x00000000ca2b0000, 0x0000000100000000)
   the space 166592K,   0% used [0x00000000c0000000, 0x00000000c0000000, 0x00000000c0000200, 0x00000000ca2b0000)
 Metaspace       used 4371K, committed 4544K, reserved 393216K
  class space    used 547K, committed 640K, reserved 327680K
}
Event: 0.972 GC heap after
{Heap after GC invocations=1 (full 0):
 def new generation   total 74944K, used 8320K [0x00000000a0000000, 0x00000000a5150000, 0x00000000c0000000)
  eden space 66624K,   0% used [0x00000000a0000000, 0x00000000a0000000, 0x00000000a4110000)
  from space 8320K, 100% used [0x00000000a4930000, 0x00000000a5150000, 0x00000000a5150000)
  to   space 8320K,   0% used [0x00000000a4110000, 0x00000000a4110000, 0x00000000a4930000)
 tenured generation   total 166592K, used 2285K [0x00000000c0000000, 0x00000000ca2b0000, 0x0000000100000000)
   the space 166592K,   1% used [0x00000000c0000000, 0x00000000c023b7f8, 0x00000000c023b800, 0x00000000ca2b0000)
 Metaspace       used 4371K, committed 4544K, reserved 393216K
  class space    used 547K, committed 640K, reserved 327680K
}
Event: 1.812 GC heap before
{Heap before GC invocations=1 (full 0):
 def new generation   total 74944K, used 74944K [0x00000000a0000000, 0x00000000a5150000, 0x00000000c0000000)
  eden space 66624K, 100% used [0x00000000a0000000, 0x00000000a4110000, 0x00000000a4110000)
  from space 8320K, 100% used [0x00000000a4930000, 0x00000000a5150000, 0x00000000a5150000)
  to   space 8320K,   0% used [0x00000000a4110000, 0x00000000a4110000, 0x00000000a4930000)
 tenured generation   total 166592K, used 2285K [0x00000000c0000000, 0x00000000ca2b0000, 0x0000000100000000)
   the space 166592K,   1% used [0x00000000c0000000, 0x00000000c023b7f8, 0x00000000c023b800, 0x00000000ca2b0000)
 Metaspace       used 8402K, committed 8640K, reserved 393216K
  class space    used 1124K, committed 1216K, reserved 327680K
}
Event: 1.830 GC heap after
{Heap after GC invocations=2 (full 0):
 def new generation   total 74944K, used 6628K [0x00000000a0000000, 0x00000000a5150000, 0x00000000c0000000)
  eden space 66624K,   0% used [0x00000000a0000000, 0x00000000a0000000, 0x00000000a4110000)
  from space 8320K,  79% used [0x00000000a4110000, 0x00000000a47891f0, 0x00000000a4930000)
  to   space 8320K,   0% used [0x00000000a4930000, 0x00000000a4930000, 0x00000000a5150000)
 tenured generation   total 166592K, used 10557K [0x00000000c0000000, 0x00000000ca2b0000, 0x0000000100000000)
   the space 166592K,   6% used [0x00000000c0000000, 0x00000000c0a4f658, 0x00000000c0a4f800, 0x00000000ca2b0000)
 Metaspace       used 8402K, committed 8640K, reserved 393216K
  class space    used 1124K, committed 1216K, reserved 327680K
}

